1.455234613011510691e-02
1.455234613011510691e-02
1.455234613011531682e-02
2.910469226023063363e-02
2.910469226023063363e-02
5.650844401283572349e-02
7.106079014295103857e-02
9.846454189555590986e-02
9.846454189555590986e-02
1.130168880256712249e-01
1.404206397782765403e-01
1.404206397782765403e-01
1.806757971533716201e-01
2.209309545284666998e-01
2.209309545284666998e-01
4.154029793734413389e-01
4.428067311260462380e-01
4.976142346312570908e-01
4.976142346312570908e-01
6.089301821493028344e-01
